#
# There is insufficient memory for the Java Runtime Environment to continue.
# Native memory allocation (malloc) failed to allocate 32744 bytes for ChunkPool::allocate
# Possible reasons:
#   The system is out of physical RAM or swap space
#   The process is running with CompressedOops enabled, and the Java Heap may be blocking the growth of the native heap
# Possible solutions:
#   Reduce memory load on the system
#   Increase physical memory or swap space
#   Check if swap backing store is full
#   Decrease Java heap size (-Xmx/-Xms)
#   Decrease number of Java threads
#   Decrease Java thread stack sizes (-Xss)
#   Set larger code cache with -XX:ReservedCodeCacheSize=
#   JVM is running with Unscaled Compressed Oops mode in which the Java heap is
#     placed in the first 4GB address space. The Java Heap base address is the
#     maximum limit for the native heap growth. Please use -XX:HeapBaseMinAddress
#     to set the Java Heap base and to place the Java Heap above 4GB virtual address.
# This output file may be truncated or incomplete.
#
#  Out of Memory Error (t:/workspace/open/src/hotspot/share/memory/arena.cpp:81), pid=21304, tid=8620
#
# JRE version: Java(TM) SE Runtime Environment (12.0+33) (build 12+33)
# Java VM: Java HotSpot(TM) 64-Bit Server VM (12+33, mixed mode, sharing, tiered, compressed oops, g1 gc, windows-amd64)
# No core dump will be written. Minidumps are not enabled by default on client versions of Windows
#

---------------  S U M M A R Y ------------

Command Line: -ea -Didea.test.cyclic.buffer.size=1048576 -javaagent:C:\Program Files\JetBrains\IntelliJ IDEA Community Edition 2020.3.2\lib\idea_rt.jar=24464:C:\Program Files\JetBrains\IntelliJ IDEA Community Edition 2020.3.2\bin -Dfile.encoding=UTF-8 com.intellij.rt.junit.JUnitStarter -ideVersion5 -junit5 project.skat.kodetest.KodetestApplicationTests

Host: Intel(R) Core(TM) i5-8265U CPU @ 1.60GHz, 8 cores, 7G,  Windows 10 , 64 bit Build 18362 (10.0.18362.1316)
Time: Tue Feb  9 02:13:17 2021 Rom, normaltid elapsed time: 2 seconds (0d 0h 0m 2s)

---------------  T H R E A D  ---------------

Current thread (0x000001f396833800):  JavaThread "C1 CompilerThread0" daemon [_thread_in_native, id=8620, stack(0x0000004fe3300000,0x0000004fe3400000)]


Current CompileTask:
C1:   2279 2367   !   3       org.springframework.core.annotation.TypeMappedAnnotation::createIfPossible (139 bytes)

Stack: [0x0000004fe3300000,0x0000004fe3400000]
Native frames: (J=compiled Java code, j=interpreted, Vv=VM code, C=native code)
V  [jvm.dll+0x63948a]
V  [jvm.dll+0x78b31f]
V  [jvm.dll+0x78c9c1]
V  [jvm.dll+0x78d013]
V  [jvm.dll+0x262138]
V  [jvm.dll+0xc5a56]
V  [jvm.dll+0xc5dac]
V  [jvm.dll+0x136722]
V  [jvm.dll+0x140be6]
V  [jvm.dll+0x1438d3]
V  [jvm.dll+0x13531e]
V  [jvm.dll+0x142f21]
V  [jvm.dll+0x146a19]
V  [jvm.dll+0x146438]
V  [jvm.dll+0x13c4c9]
V  [jvm.dll+0x13edb7]
V  [jvm.dll+0x135d0b]
V  [jvm.dll+0x148377]
V  [jvm.dll+0x1481b4]
V  [jvm.dll+0x130c86]
V  [jvm.dll+0x131012]
V  [jvm.dll+0x13133f]
V  [jvm.dll+0x1304a7]
V  [jvm.dll+0x132557]
V  [jvm.dll+0x22a534]
V  [jvm.dll+0x228b88]
V  [jvm.dll+0x74f660]
V  [jvm.dll+0x748648]
V  [jvm.dll+0x638566]
C  [ucrtbase.dll+0x210b2]
C  [KERNEL32.DLL+0x17c24]
C  [ntdll.dll+0x6d4d1]


---------------  P R O C E S S  ---------------

Threads class SMR info:
_java_thread_list=0x000001f398088080, length=12, elements={
0x000001f3f7bc4800, 0x000001f39680d000, 0x000001f396810800, 0x000001f396823000,
0x000001f39682b800, 0x000001f39682f000, 0x000001f396833800, 0x000001f396835000,
0x000001f3967f3800, 0x000001f397373800, 0x000001f397374800, 0x000001f39859e800
}

Java Threads: ( => current thread )
  0x000001f3f7bc4800 JavaThread "main" [_thread_in_native, id=18056, stack(0x0000004fe2700000,0x0000004fe2800000)]
  0x000001f39680d000 JavaThread "Reference Handler" daemon [_thread_blocked, id=856, stack(0x0000004fe2e00000,0x0000004fe2f00000)]
  0x000001f396810800 JavaThread "Finalizer" daemon [_thread_blocked, id=15380, stack(0x0000004fe2f00000,0x0000004fe3000000)]
  0x000001f396823000 JavaThread "Signal Dispatcher" daemon [_thread_blocked, id=3064, stack(0x0000004fe3000000,0x0000004fe3100000)]
  0x000001f39682b800 JavaThread "Attach Listener" daemon [_thread_blocked, id=11400, stack(0x0000004fe3100000,0x0000004fe3200000)]
  0x000001f39682f000 JavaThread "C2 CompilerThread0" daemon [_thread_in_native, id=20036, stack(0x0000004fe3200000,0x0000004fe3300000)]
=>0x000001f396833800 JavaThread "C1 CompilerThread0" daemon [_thread_in_native, id=8620, stack(0x0000004fe3300000,0x0000004fe3400000)]
  0x000001f396835000 JavaThread "Sweeper thread" daemon [_thread_blocked, id=14068, stack(0x0000004fe3400000,0x0000004fe3500000)]
  0x000001f3967f3800 JavaThread "Common-Cleaner" daemon [_thread_blocked, id=13320, stack(0x0000004fe3500000,0x0000004fe3600000)]
  0x000001f397373800 JavaThread "Monitor Ctrl-Break" daemon [_thread_in_native, id=16832, stack(0x0000004fe3700000,0x0000004fe3800000)]
  0x000001f397374800 JavaThread "Service Thread" daemon [_thread_blocked, id=8240, stack(0x0000004fe3800000,0x0000004fe3900000)]
  0x000001f39859e800 JavaThread "C2 CompilerThread1" daemon [_thread_in_native, id=6300, stack(0x0000004fe3c00000,0x0000004fe3d00000)]

Other Threads:
  0x000001f39680b000 VMThread "VM Thread" [stack: 0x0000004fe2d00000,0x0000004fe2e00000] [id=15232]
  0x000001f397376800 WatcherThread [stack: 0x0000004fe3900000,0x0000004fe3a00000] [id=9564]
  0x000001f3f7c04800 GCTaskThread "GC Thread#0" [stack: 0x0000004fe2800000,0x0000004fe2900000] [id=8824]
  0x000001f3981dd000 GCTaskThread "GC Thread#1" [stack: 0x0000004fe3a00000,0x0000004fe3b00000] [id=9340]
  0x000001f3982ec800 GCTaskThread "GC Thread#2" [stack: 0x0000004fe3b00000,0x0000004fe3c00000] [id=20104]
  0x000001f3987df800 GCTaskThread "GC Thread#3" [stack: 0x0000004fe3d00000,0x0000004fe3e00000] [id=21000]
  0x000001f3f7c12000 ConcurrentGCThread "G1 Main Marker" [stack: 0x0000004fe2900000,0x0000004fe2a00000] [id=19176]
  0x000001f3f7c15000 ConcurrentGCThread "G1 Conc#0" [stack: 0x0000004fe2a00000,0x0000004fe2b00000] [id=20872]
  0x000001f3f7c8d800 ConcurrentGCThread "G1 Refine#0" [stack: 0x0000004fe2b00000,0x0000004fe2c00000] [id=20656]
  0x000001f3f7c8e800 ConcurrentGCThread "G1 Young RemSet Sampling" [stack: 0x0000004fe2c00000,0x0000004fe2d00000] [id=16784]

Threads with active compile tasks:
C2 CompilerThread0  2088       4       java.lang.invoke.MethodType::makeImpl (108 bytes)
C1 CompilerThread0  2367   !   3       org.springframework.core.annotation.TypeMappedAnnotation::createIfPossible (139 bytes)
C2 CompilerThread1  2302       4       jdk.internal.module.SystemModuleFinders$SystemModuleReader::findImageLocation (42 bytes)

VM state:not at safepoint (normal execution)

VM Mutex/Monitor currently owned by a thread: None

Heap address: 0x0000000082400000, size: 2012 MB, Compressed Oops mode: 32-bit
Narrow klass base: 0x0000000800000000, Narrow klass shift: 3
Compressed class space size: 1073741824 Address: 0x00000008011a0000

Heap:
 garbage-first heap   total 129024K, used 22320K [0x0000000082400000, 0x0000000100000000)
  region size 1024K, 21 young (21504K), 7 survivors (7168K)
 Metaspace       used 19638K, capacity 20545K, committed 20608K, reserved 1067008K
  class space    used 2527K, capacity 2893K, committed 2944K, reserved 1048576K
Heap Regions: E=young(eden), S=young(survivor), O=old, HS=humongous(starts), HC=humongous(continues), CS=collection set, F=free, A=archive, TAMS=top-at-mark-start (previous, next)
|   0|0x0000000082400000, 0x0000000082500000, 0x0000000082500000|100%| O|  |TAMS 0x0000000082400000, 0x0000000082400000| Untracked 
|   1|0x0000000082500000, 0x0000000082600000, 0x0000000082600000|100%| O|  |TAMS 0x0000000082500000, 0x0000000082500000| Untracked 
|   2|0x0000000082600000, 0x0000000082645a00, 0x0000000082700000| 27%| O|  |TAMS 0x0000000082600000, 0x0000000082600000| Untracked 
|   3|0x0000000082700000, 0x0000000082700000, 0x0000000082800000|  0%| F|  |TAMS 0x0000000082700000, 0x0000000082700000| Untracked 
|   4|0x0000000082800000, 0x0000000082800000, 0x0000000082900000|  0%| F|  |TAMS 0x0000000082800000, 0x0000000082800000| Untracked 
|   5|0x0000000082900000, 0x0000000082900000, 0x0000000082a00000|  0%| F|  |TAMS 0x0000000082900000, 0x0000000082900000| Untracked 
|   6|0x0000000082a00000, 0x0000000082a00000, 0x0000000082b00000|  0%| F|  |TAMS 0x0000000082a00000, 0x0000000082a00000| Untracked 
|   7|0x0000000082b00000, 0x0000000082b00000, 0x0000000082c00000|  0%| F|  |TAMS 0x0000000082b00000, 0x0000000082b00000| Untracked 
|   8|0x0000000082c00000, 0x0000000082c00000, 0x0000000082d00000|  0%| F|  |TAMS 0x0000000082c00000, 0x0000000082c00000| Untracked 
|   9|0x0000000082d00000, 0x0000000082d00000, 0x0000000082e00000|  0%| F|  |TAMS 0x0000000082d00000, 0x0000000082d00000| Untracked 
|  10|0x0000000082e00000, 0x0000000082e00000, 0x0000000082f00000|  0%| F|  |TAMS 0x0000000082e00000, 0x0000000082e00000| Untracked 
|  11|0x0000000082f00000, 0x0000000082f00000, 0x0000000083000000|  0%| F|  |TAMS 0x0000000082f00000, 0x0000000082f00000| Untracked 
|  12|0x0000000083000000, 0x0000000083000000, 0x0000000083100000|  0%| F|  |TAMS 0x0000000083000000, 0x0000000083000000| Untracked 
|  13|0x0000000083100000, 0x0000000083100000, 0x0000000083200000|  0%| F|  |TAMS 0x0000000083100000, 0x0000000083100000| Untracked 
|  14|0x0000000083200000, 0x0000000083200000, 0x0000000083300000|  0%| F|  |TAMS 0x0000000083200000, 0x0000000083200000| Untracked 
|  15|0x0000000083300000, 0x0000000083300000, 0x0000000083400000|  0%| F|  |TAMS 0x0000000083300000, 0x0000000083300000| Untracked 
|  16|0x0000000083400000, 0x0000000083400000, 0x0000000083500000|  0%| F|  |TAMS 0x0000000083400000, 0x0000000083400000| Untracked 
|  17|0x0000000083500000, 0x0000000083500000, 0x0000000083600000|  0%| F|  |TAMS 0x0000000083500000, 0x0000000083500000| Untracked 
|  18|0x0000000083600000, 0x0000000083600000, 0x0000000083700000|  0%| F|  |TAMS 0x0000000083600000, 0x0000000083600000| Untracked 
|  19|0x0000000083700000, 0x0000000083700000, 0x0000000083800000|  0%| F|  |TAMS 0x0000000083700000, 0x0000000083700000| Untracked 
|  20|0x0000000083800000, 0x0000000083800000, 0x0000000083900000|  0%| F|  |TAMS 0x0000000083800000, 0x0000000083800000| Untracked 
|  21|0x0000000083900000, 0x0000000083900000, 0x0000000083a00000|  0%| F|  |TAMS 0x0000000083900000, 0x0000000083900000| Untracked 
|  22|0x0000000083a00000, 0x0000000083a00000, 0x0000000083b00000|  0%| F|  |TAMS 0x0000000083a00000, 0x0000000083a00000| Untracked 
|  23|0x0000000083b00000, 0x0000000083b00000, 0x0000000083c00000|  0%| F|  |TAMS 0x0000000083b00000, 0x0000000083b00000| Untracked 
|  24|0x0000000083c00000, 0x0000000083c00000, 0x0000000083d00000|  0%| F|  |TAMS 0x0000000083c00000, 0x0000000083c00000| Untracked 
|  25|0x0000000083d00000, 0x0000000083d00000, 0x0000000083e00000|  0%| F|  |TAMS 0x0000000083d00000, 0x0000000083d00000| Untracked 
|  26|0x0000000083e00000, 0x0000000083e00000, 0x0000000083f00000|  0%| F|  |TAMS 0x0000000083e00000, 0x0000000083e00000| Untracked 
|  27|0x0000000083f00000, 0x0000000083f00000, 0x0000000084000000|  0%| F|  |TAMS 0x0000000083f00000, 0x0000000083f00000| Untracked 
|  28|0x0000000084000000, 0x0000000084000000, 0x0000000084100000|  0%| F|  |TAMS 0x0000000084000000, 0x0000000084000000| Untracked 
|  29|0x0000000084100000, 0x0000000084100000, 0x0000000084200000|  0%| F|  |TAMS 0x0000000084100000, 0x0000000084100000| Untracked 
|  30|0x0000000084200000, 0x0000000084200000, 0x0000000084300000|  0%| F|  |TAMS 0x0000000084200000, 0x0000000084200000| Untracked 
|  31|0x0000000084300000, 0x0000000084300000, 0x0000000084400000|  0%| F|  |TAMS 0x0000000084300000, 0x0000000084300000| Untracked 
|  32|0x0000000084400000, 0x0000000084400000, 0x0000000084500000|  0%| F|  |TAMS 0x0000000084400000, 0x0000000084400000| Untracked 
|  33|0x0000000084500000, 0x0000000084500000, 0x0000000084600000|  0%| F|  |TAMS 0x0000000084500000, 0x0000000084500000| Untracked 
|  34|0x0000000084600000, 0x0000000084600000, 0x0000000084700000|  0%| F|  |TAMS 0x0000000084600000, 0x0000000084600000| Untracked 
|  35|0x0000000084700000, 0x0000000084700000, 0x0000000084800000|  0%| F|  |TAMS 0x0000000084700000, 0x0000000084700000| Untracked 
|  36|0x0000000084800000, 0x0000000084800000, 0x0000000084900000|  0%| F|  |TAMS 0x0000000084800000, 0x0000000084800000| Untracked 
|  37|0x0000000084900000, 0x0000000084900000, 0x0000000084a00000|  0%| F|  |TAMS 0x0000000084900000, 0x0000000084900000| Untracked 
|  38|0x0000000084a00000, 0x0000000084a00000, 0x0000000084b00000|  0%| F|  |TAMS 0x0000000084a00000, 0x0000000084a00000| Untracked 
|  39|0x0000000084b00000, 0x0000000084b00000, 0x0000000084c00000|  0%| F|  |TAMS 0x0000000084b00000, 0x0000000084b00000| Untracked 
|  40|0x0000000084c00000, 0x0000000084c00000, 0x0000000084d00000|  0%| F|  |TAMS 0x0000000084c00000, 0x0000000084c00000| Untracked 
|  41|0x0000000084d00000, 0x0000000084d00000, 0x0000000084e00000|  0%| F|  |TAMS 0x0000000084d00000, 0x0000000084d00000| Untracked 
|  42|0x0000000084e00000, 0x0000000084e00000, 0x0000000084f00000|  0%| F|  |TAMS 0x0000000084e00000, 0x0000000084e00000| Untracked 
|  43|0x0000000084f00000, 0x0000000084f00000, 0x0000000085000000|  0%| F|  |TAMS 0x0000000084f00000, 0x0000000084f00000| Untracked 
|  44|0x0000000085000000, 0x0000000085086810, 0x0000000085100000| 52%| S|CS|TAMS 0x0000000085000000, 0x0000000085000000| Complete 
|  45|0x0000000085100000, 0x0000000085200000, 0x0000000085200000|100%| S|CS|TAMS 0x0000000085100000, 0x0000000085100000| Complete 
|  46|0x0000000085200000, 0x0000000085300000, 0x0000000085300000|100%| S|CS|TAMS 0x0000000085200000, 0x0000000085200000| Complete 
|  47|0x0000000085300000, 0x0000000085400000, 0x0000000085400000|100%| S|CS|TAMS 0x0000000085300000, 0x0000000085300000| Complete 
|  48|0x0000000085400000, 0x0000000085500000, 0x0000000085500000|100%| S|CS|TAMS 0x0000000085400000, 0x0000000085400000| Complete 
|  49|0x0000000085500000, 0x0000000085600000, 0x0000000085600000|100%| S|CS|TAMS 0x0000000085500000, 0x0000000085500000| Complete 
|  50|0x0000000085600000, 0x0000000085700000, 0x0000000085700000|100%| S|CS|TAMS 0x0000000085600000, 0x0000000085600000| Complete 
|  51|0x0000000085700000, 0x0000000085700000, 0x0000000085800000|  0%| F|  |TAMS 0x0000000085700000, 0x0000000085700000| Untracked 
|  52|0x0000000085800000, 0x0000000085800000, 0x0000000085900000|  0%| F|  |TAMS 0x0000000085800000, 0x0000000085800000| Untracked 
|  53|0x0000000085900000, 0x0000000085900000, 0x0000000085a00000|  0%| F|  |TAMS 0x0000000085900000, 0x0000000085900000| Untracked 
|  54|0x0000000085a00000, 0x0000000085a00000, 0x0000000085b00000|  0%| F|  |TAMS 0x0000000085a00000, 0x0000000085a00000| Untracked 
|  55|0x0000000085b00000, 0x0000000085b00000, 0x0000000085c00000|  0%| F|  |TAMS 0x0000000085b00000, 0x0000000085b00000| Untracked 
|  56|0x0000000085c00000, 0x0000000085c00000, 0x0000000085d00000|  0%| F|  |TAMS 0x0000000085c00000, 0x0000000085c00000| Untracked 
|  57|0x0000000085d00000, 0x0000000085d00000, 0x0000000085e00000|  0%| F|  |TAMS 0x0000000085d00000, 0x0000000085d00000| Untracked 
|  58|0x0000000085e00000, 0x0000000085e00000, 0x0000000085f00000|  0%| F|  |TAMS 0x0000000085e00000, 0x0000000085e00000| Untracked 
|  59|0x0000000085f00000, 0x0000000085f00000, 0x0000000086000000|  0%| F|  |TAMS 0x0000000085f00000, 0x0000000085f00000| Untracked 
|  60|0x0000000086000000, 0x0000000086000000, 0x0000000086100000|  0%| F|  |TAMS 0x0000000086000000, 0x0000000086000000| Untracked 
|  61|0x0000000086100000, 0x0000000086100000, 0x0000000086200000|  0%| F|  |TAMS 0x0000000086100000, 0x0000000086100000| Untracked 
|  62|0x0000000086200000, 0x0000000086200000, 0x0000000086300000|  0%| F|  |TAMS 0x0000000086200000, 0x0000000086200000| Untracked 
|  63|0x0000000086300000, 0x0000000086300000, 0x0000000086400000|  0%| F|  |TAMS 0x0000000086300000, 0x0000000086300000| Untracked 
|  64|0x0000000086400000, 0x0000000086400000, 0x0000000086500000|  0%| F|  |TAMS 0x0000000086400000, 0x0000000086400000| Untracked 
|  65|0x0000000086500000, 0x0000000086500000, 0x0000000086600000|  0%| F|  |TAMS 0x0000000086500000, 0x0000000086500000| Untracked 
|  66|0x0000000086600000, 0x0000000086600000, 0x0000000086700000|  0%| F|  |TAMS 0x0000000086600000, 0x0000000086600000| Untracked 
|  67|0x0000000086700000, 0x0000000086700000, 0x0000000086800000|  0%| F|  |TAMS 0x0000000086700000, 0x0000000086700000| Untracked 
|  68|0x0000000086800000, 0x0000000086800000, 0x0000000086900000|  0%| F|  |TAMS 0x0000000086800000, 0x0000000086800000| Untracked 
|  69|0x0000000086900000, 0x0000000086900000, 0x0000000086a00000|  0%| F|  |TAMS 0x0000000086900000, 0x0000000086900000| Untracked 
|  70|0x0000000086a00000, 0x0000000086a00000, 0x0000000086b00000|  0%| F|  |TAMS 0x0000000086a00000, 0x0000000086a00000| Untracked 
|  71|0x0000000086b00000, 0x0000000086b00000, 0x0000000086c00000|  0%| F|  |TAMS 0x0000000086b00000, 0x0000000086b00000| Untracked 
|  72|0x0000000086c00000, 0x0000000086c00000, 0x0000000086d00000|  0%| F|  |TAMS 0x0000000086c00000, 0x0000000086c00000| Untracked 
|  73|0x0000000086d00000, 0x0000000086d00000, 0x0000000086e00000|  0%| F|  |TAMS 0x0000000086d00000, 0x0000000086d00000| Untracked 
|  74|0x0000000086e00000, 0x0000000086e00000, 0x0000000086f00000|  0%| F|  |TAMS 0x0000000086e00000, 0x0000000086e00000| Untracked 
|  75|0x0000000086f00000, 0x0000000086f00000, 0x0000000087000000|  0%| F|  |TAMS 0x0000000086f00000, 0x0000000086f00000| Untracked 
|  76|0x0000000087000000, 0x0000000087000000, 0x0000000087100000|  0%| F|  |TAMS 0x0000000087000000, 0x0000000087000000| Untracked 
|  77|0x0000000087100000, 0x0000000087100000, 0x0000000087200000|  0%| F|  |TAMS 0x0000000087100000, 0x0000000087100000| Untracked 
|  78|0x0000000087200000, 0x0000000087200000, 0x0000000087300000|  0%| F|  |TAMS 0x0000000087200000, 0x0000000087200000| Untracked 
|  79|0x0000000087300000, 0x0000000087300000, 0x0000000087400000|  0%| F|  |TAMS 0x0000000087300000, 0x0000000087300000| Untracked 
|  80|0x0000000087400000, 0x0000000087400000, 0x0000000087500000|  0%| F|  |TAMS 0x0000000087400000, 0x0000000087400000| Untracked 
|  81|0x0000000087500000, 0x0000000087500000, 0x0000000087600000|  0%| F|  |TAMS 0x0000000087500000, 0x0000000087500000| Untracked 
|  82|0x0000000087600000, 0x0000000087600000, 0x0000000087700000|  0%| F|  |TAMS 0x0000000087600000, 0x0000000087600000| Untracked 
|  83|0x0000000087700000, 0x0000000087700000, 0x0000000087800000|  0%| F|  |TAMS 0x0000000087700000, 0x0000000087700000| Untracked 
|  84|0x0000000087800000, 0x0000000087800000, 0x0000000087900000|  0%| F|  |TAMS 0x0000000087800000, 0x0000000087800000| Untracked 
|  85|0x0000000087900000, 0x0000000087900000, 0x0000000087a00000|  0%| F|  |TAMS 0x0000000087900000, 0x0000000087900000| Untracked 
|  86|0x0000000087a00000, 0x0000000087a00000, 0x0000000087b00000|  0%| F|  |TAMS 0x0000000087a00000, 0x0000000087a00000| Untracked 
|  87|0x0000000087b00000, 0x0000000087b00000, 0x0000000087c00000|  0%| F|  |TAMS 0x0000000087b00000, 0x0000000087b00000| Untracked 
|  88|0x0000000087c00000, 0x0000000087c00000, 0x0000000087d00000|  0%| F|  |TAMS 0x0000000087c00000, 0x0000000087c00000| Untracked 
|  89|0x0000000087d00000, 0x0000000087d00000, 0x0000000087e00000|  0%| F|  |TAMS 0x0000000087d00000, 0x0000000087d00000| Untracked 
|  90|0x0000000087e00000, 0x0000000087e00000, 0x0000000087f00000|  0%| F|  |TAMS 0x0000000087e00000, 0x0000000087e00000| Untracked 
|  91|0x0000000087f00000, 0x0000000087f00000, 0x0000000088000000|  0%| F|  |TAMS 0x0000000087f00000, 0x0000000087f00000| Untracked 
|  92|0x0000000088000000, 0x0000000088000000, 0x0000000088100000|  0%| F|  |TAMS 0x0000000088000000, 0x0000000088000000| Untracked 
|  93|0x0000000088100000, 0x0000000088100000, 0x0000000088200000|  0%| F|  |TAMS 0x0000000088100000, 0x0000000088100000| Untracked 
|  94|0x0000000088200000, 0x0000000088200000, 0x0000000088300000|  0%| F|  |TAMS 0x0000000088200000, 0x0000000088200000| Untracked 
|  95|0x0000000088300000, 0x0000000088300000, 0x0000000088400000|  0%| F|  |TAMS 0x0000000088300000, 0x0000000088300000| Untracked 
|  96|0x0000000088400000, 0x0000000088400000, 0x0000000088500000|  0%| F|  |TAMS 0x0000000088400000, 0x0000000088400000| Untracked 
|  97|0x0000000088500000, 0x0000000088500000, 0x0000000088600000|  0%| F|  |TAMS 0x0000000088500000, 0x0000000088500000| Untracked 
|  98|0x0000000088600000, 0x0000000088600000, 0x0000000088700000|  0%| F|  |TAMS 0x0000000088600000, 0x0000000088600000| Untracked 
|  99|0x0000000088700000, 0x0000000088700000, 0x0000000088800000|  0%| F|  |TAMS 0x0000000088700000, 0x0000000088700000| Untracked 
| 100|0x0000000088800000, 0x0000000088800000, 0x0000000088900000|  0%| F|  |TAMS 0x0000000088800000, 0x0000000088800000| Untracked 
| 101|0x0000000088900000, 0x0000000088900000, 0x0000000088a00000|  0%| F|  |TAMS 0x0000000088900000, 0x0000000088900000| Untracked 
| 102|0x0000000088a00000, 0x0000000088a00000, 0x0000000088b00000|  0%| F|  |TAMS 0x0000000088a00000, 0x0000000088a00000| Untracked 
| 103|0x0000000088b00000, 0x0000000088b00000, 0x0000000088c00000|  0%| F|  |TAMS 0x0000000088b00000, 0x0000000088b00000| Untracked 
| 104|0x0000000088c00000, 0x0000000088c00000, 0x0000000088d00000|  0%| F|  |TAMS 0x0000000088c00000, 0x0000000088c00000| Untracked 
| 105|0x0000000088d00000, 0x0000000088d00000, 0x0000000088e00000|  0%| F|  |TAMS 0x0000000088d00000, 0x0000000088d00000| Untracked 
| 106|0x0000000088e00000, 0x0000000088e00000, 0x0000000088f00000|  0%| F|  |TAMS 0x0000000088e00000, 0x0000000088e00000| Untracked 
| 107|0x0000000088f00000, 0x0000000088f00000, 0x0000000089000000|  0%| F|  |TAMS 0x0000000088f00000, 0x0000000088f00000| Untracked 
| 108|0x0000000089000000, 0x0000000089000000, 0x0000000089100000|  0%| F|  |TAMS 0x0000000089000000, 0x0000000089000000| Untracked 
| 109|0x0000000089100000, 0x0000000089100000, 0x0000000089200000|  0%| F|  |TAMS 0x0000000089100000, 0x0000000089100000| Untracked 
| 110|0x0000000089200000, 0x0000000089200000, 0x0000000089300000|  0%| F|  |TAMS 0x0000000089200000, 0x0000000089200000| Untracked 
| 111|0x0000000089300000, 0x0000000089300000, 0x0000000089400000|  0%| F|  |TAMS 0x0000000089300000, 0x0000000089300000| Untracked 
| 112|0x0000000089400000, 0x0000000089480800, 0x0000000089500000| 50%| E|  |TAMS 0x0000000089400000, 0x0000000089400000| Complete 
| 113|0x0000000089500000, 0x0000000089600000, 0x0000000089600000|100%| E|CS|TAMS 0x0000000089500000, 0x0000000089500000| Complete 
| 114|0x0000000089600000, 0x0000000089700000, 0x0000000089700000|100%| E|CS|TAMS 0x0000000089600000, 0x0000000089600000| Complete 
| 115|0x0000000089700000, 0x0000000089800000, 0x0000000089800000|100%| E|CS|TAMS 0x0000000089700000, 0x0000000089700000| Complete 
| 116|0x0000000089800000, 0x0000000089900000, 0x0000000089900000|100%| E|CS|TAMS 0x0000000089800000, 0x0000000089800000| Complete 
| 117|0x0000000089900000, 0x0000000089a00000, 0x0000000089a00000|100%| E|CS|TAMS 0x0000000089900000, 0x0000000089900000| Complete 
| 118|0x0000000089a00000, 0x0000000089b00000, 0x0000000089b00000|100%| E|CS|TAMS 0x0000000089a00000, 0x0000000089a00000| Complete 
| 119|0x0000000089b00000, 0x0000000089c00000, 0x0000000089c00000|100%| E|CS|TAMS 0x0000000089b00000, 0x0000000089b00000| Complete 
| 120|0x0000000089c00000, 0x0000000089d00000, 0x0000000089d00000|100%| E|CS|TAMS 0x0000000089c00000, 0x0000000089c00000| Complete 
| 121|0x0000000089d00000, 0x0000000089e00000, 0x0000000089e00000|100%| E|CS|TAMS 0x0000000089d00000, 0x0000000089d00000| Complete 
| 122|0x0000000089e00000, 0x0000000089f00000, 0x0000000089f00000|100%| E|CS|TAMS 0x0000000089e00000, 0x0000000089e00000| Complete 
| 123|0x0000000089f00000, 0x000000008a000000, 0x000000008a000000|100%| E|CS|TAMS 0x0000000089f00000, 0x0000000089f00000| Complete 
| 124|0x000000008a000000, 0x000000008a100000, 0x000000008a100000|100%| E|CS|TAMS 0x000000008a000000, 0x000000008a000000| Complete 
| 125|0x000000008a100000, 0x000000008a200000, 0x000000008a200000|100%| E|CS|TAMS 0x000000008a100000, 0x000000008a100000| Complete 

Card table byte_map: [0x000001f38f720000,0x000001f38fb10000] _byte_map_base: 0x000001f38f30e000

Marking Bits (Prev, Next): (CMBitMap*) 0x000001f3f7c058a8, (CMBitMap*) 0x000001f3f7c058e8
 Prev Bits: [0x000001f38ff00000, 0x000001f391e70000)
 Next Bits: [0x000001f391e70000, 0x000001f393de0000)

Polling page: 0x000001f3f5b90000

Metaspace:

Usage:
  Non-class:     17.30 MB capacity,    16.72 MB ( 97%) used,   496.73 KB (  3%) free+waste,    95.69 KB ( <1%) overhead. 
      Class:      2.83 MB capacity,     2.47 MB ( 87%) used,   312.64 KB ( 11%) free+waste,    49.56 KB (  2%) overhead. 
       Both:     20.13 MB capacity,    19.19 MB ( 95%) used,   809.37 KB (  4%) free+waste,   145.25 KB ( <1%) overhead. 

Virtual space:
  Non-class space:       18.00 MB reserved,      17.50 MB ( 97%) committed 
      Class space:        1.00 GB reserved,       2.88 MB ( <1%) committed 
             Both:        1.02 GB reserved,      20.38 MB (  2%) committed 

Chunk freelists:
   Non-Class:  1.50 KB
       Class:  2.38 KB
        Both:  3.88 KB

CodeHeap 'non-profiled nmethods': size=120000Kb used=904Kb max_used=904Kb free=119095Kb
 bounds [0x000001f387ad0000, 0x000001f387d40000, 0x000001f38f000000]
CodeHeap 'profiled nmethods': size=120000Kb used=4550Kb max_used=4550Kb free=115449Kb
 bounds [0x000001f3805a0000, 0x000001f380a20000, 0x000001f387ad0000]
CodeHeap 'non-nmethods': size=5760Kb used=1152Kb max_used=1181Kb free=4607Kb
 bounds [0x000001f380000000, 0x000001f380270000, 0x000001f3805a0000]
 total_blobs=3346 nmethods=2131 adapters=381
 compilation: enabled
              stopped_count=0, restarted_count=0
 full_count=0

Compilation events (10 events):
Event: 2.272 Thread 0x000001f396833800 nmethod 2363 0x000001f380a11610 code [0x000001f380a11800, 0x000001f380a11ca0]
Event: 2.272 Thread 0x000001f396833800 2362       3       org.springframework.core.annotation.TypeMappedAnnotations$MergedAnnotationFinder::doWithAggregate (5 bytes)
Event: 2.272 Thread 0x000001f396833800 nmethod 2362 0x000001f380a11e90 code [0x000001f380a12040, 0x000001f380a121b8]
Event: 2.272 Thread 0x000001f396833800 2364   !   3       org.springframework.beans.factory.support.DefaultSingletonBeanRegistry::getSingleton (147 bytes)
Event: 2.273 Thread 0x000001f396833800 nmethod 2364 0x000001f380a12290 code [0x000001f380a12520, 0x000001f380a13430]
Event: 2.273 Thread 0x000001f396833800 2365       3       jdk.internal.loader.BuiltinClassLoader::findResourceOnClassPath (41 bytes)
Event: 2.274 Thread 0x000001f396833800 nmethod 2365 0x000001f380a13990 code [0x000001f380a13be0, 0x000001f380a14500]
Event: 2.277 Thread 0x000001f396833800 2366       3       org.springframework.context.annotation.ConfigurationClassParser::access$900 (4 bytes)
Event: 2.277 Thread 0x000001f396833800 nmethod 2366 0x000001f38079f410 code [0x000001f38079f5c0, 0x000001f38079f718]
Event: 2.277 Thread 0x000001f396833800 2367   !   3       org.springframework.core.annotation.TypeMappedAnnotation::createIfPossible (139 bytes)

GC Heap History (4 events):
Event: 0.885 GC heap before
{Heap before GC invocations=0 (full 0):
 garbage-first heap   total 129024K, used 23552K [0x0000000082400000, 0x0000000100000000)
  region size 1024K, 24 young (24576K), 0 survivors (0K)
 Metaspace       used 5522K, capacity 7678K, committed 7936K, reserved 1056768K
  class space    used 679K, capacity 996K, committed 1024K, reserved 1048576K
}
Event: 0.892 GC heap after
{Heap after GC invocations=1 (full 0):
 garbage-first heap   total 129024K, used 5398K [0x0000000082400000, 0x0000000100000000)
  region size 1024K, 3 young (3072K), 3 survivors (3072K)
 Metaspace       used 5522K, capacity 7678K, committed 7936K, reserved 1056768K
  class space    used 679K, capacity 996K, committed 1024K, reserved 1048576K
}
Event: 2.112 GC heap before
{Heap before GC invocations=1 (full 0):
 garbage-first heap   total 129024K, used 78102K [0x0000000082400000, 0x0000000100000000)
  region size 1024K, 75 young (76800K), 3 survivors (3072K)
 Metaspace       used 18541K, capacity 19385K, committed 19712K, reserved 1067008K
  class space    used 2377K, capacity 2699K, committed 2816K, reserved 1048576K
}
Event: 2.120 GC heap after
{Heap after GC invocations=2 (full 0):
 garbage-first heap   total 129024K, used 9008K [0x0000000082400000, 0x0000000100000000)
  region size 1024K, 7 young (7168K), 7 survivors (7168K)
 Metaspace       used 18541K, capacity 19385K, committed 19712K, reserved 1067008K
  class space    used 2377K, capacity 2699K, committed 2816K, reserved 1048576K
}

Deoptimization events (10 events):
Event: 1.829 Thread 0x000001f3f7bc4800 Uncommon trap: reason=unstable_if action=reinterpret pc=0x000001f387b06354 method=java.util.HashMap.hash(Ljava/lang/Object;)I @ 1 c2
Event: 1.907 Thread 0x000001f3f7bc4800 Uncommon trap: reason=unstable_if action=reinterpret pc=0x000001f387b62e60 method=java.util.concurrent.ConcurrentHashMap.putVal(Ljava/lang/Object;Ljava/lang/Object;Z)Ljava/lang/Object; @ 231 c2
Event: 1.944 Thread 0x000001f3f7bc4800 Uncommon trap: reason=unstable_if action=reinterpret pc=0x000001f387b36f0c method=java.util.concurrent.ConcurrentHashMap.get(Ljava/lang/Object;)Ljava/lang/Object; @ 76 c2
Event: 2.041 Thread 0x000001f3985de800 Uncommon trap: reason=unstable_if action=reinterpret pc=0x000001f387b836f8 method=java.nio.Buffer.limit(I)Ljava/nio/Buffer; @ 45 c2
Event: 2.150 Thread 0x000001f3f7bc4800 Uncommon trap: reason=bimorphic_or_optimized_type_check action=maybe_recompile pc=0x000001f387b01178 method=java.util.HashMap.getNode(ILjava/lang/Object;)Ljava/util/HashMap$Node; @ 126 c2
Event: 2.171 Thread 0x000001f3f7bc4800 Uncommon trap: reason=bimorphic_or_optimized_type_check action=maybe_recompile pc=0x000001f387b531d8 method=java.util.HashMap.putVal(ILjava/lang/Object;Ljava/lang/Object;ZZ)Ljava/lang/Object; @ 203 c2
Event: 2.175 Thread 0x000001f3f7bc4800 Uncommon trap: reason=bimorphic_or_optimized_type_check action=maybe_recompile pc=0x000001f387b01178 method=java.util.HashMap.getNode(ILjava/lang/Object;)Ljava/util/HashMap$Node; @ 126 c2
Event: 2.207 Thread 0x000001f3f7bc4800 Uncommon trap: reason=bimorphic_or_optimized_type_check action=maybe_recompile pc=0x000001f387b531d8 method=java.util.HashMap.putVal(ILjava/lang/Object;Ljava/lang/Object;ZZ)Ljava/lang/Object; @ 203 c2
Event: 2.217 Thread 0x000001f3f7bc4800 Uncommon trap: reason=bimorphic_or_optimized_type_check action=maybe_recompile pc=0x000001f387b01178 method=java.util.HashMap.getNode(ILjava/lang/Object;)Ljava/util/HashMap$Node; @ 126 c2
Event: 2.231 Thread 0x000001f3f7bc4800 Uncommon trap: reason=unstable_if action=reinterpret pc=0x000001f387b8a2c0 method=org.springframework.boot.context.properties.source.ConfigurationPropertyName$ElementsParser.add(IILorg/springframework/boot/context/properties/source/ConfigurationPropertyNa

Classes redefined (0 events):
No events

Internal exceptions (10 events):
Event: 1.954 Thread 0x000001f3f7bc4800 Exception <a 'java/lang/ClassNotFoundException'{0x000000008671a368}: org/springframework/beans/factory/AwareCustomizer> (0x000000008671a368) thrown at [t:/workspace/open/src/hotspot/share/classfile/systemDictionary.cpp, line 235]
Event: 1.954 Thread 0x000001f3f7bc4800 Exception <a 'java/lang/ClassNotFoundException'{0x0000000086727500}: org/springframework/context/EnvironmentAwareCustomizer> (0x0000000086727500) thrown at [t:/workspace/open/src/hotspot/share/classfile/systemDictionary.cpp, line 235]
Event: 1.955 Thread 0x000001f3f7bc4800 Exception <a 'java/lang/ClassNotFoundException'{0x0000000086734c88}: org/springframework/beans/factory/AwareCustomizer> (0x0000000086734c88) thrown at [t:/workspace/open/src/hotspot/share/classfile/systemDictionary.cpp, line 235]
Event: 2.096 Thread 0x000001f3f7bc4800 Exception <a 'java/lang/IncompatibleClassChangeError'{0x0000000085854fa0}: Found class java.lang.Object, but interface was expected> (0x0000000085854fa0) thrown at [t:/workspace/open/src/hotspot/share/interpreter/linkResolver.cpp, line 843]
Event: 2.096 Thread 0x000001f3985de800 Exception <a 'java/lang/NoSuchMethodError'{0x00000000859d1e20}: java.lang.invoke.DirectMethodHandle$Holder.invokeStatic(Ljava/lang/Object;Ljava/lang/Object;)J> (0x00000000859d1e20) thrown at [t:/workspace/open/src/hotspot/share/interpreter/linkResolver.cp
Event: 2.097 Thread 0x000001f3985de800 Exception <a 'java/lang/NoSuchMethodError'{0x00000000859d4c38}: java.lang.invoke.DirectMethodHandle$Holder.invokeStaticInit(Ljava/lang/Object;Ljava/lang/Object;)J> (0x00000000859d4c38) thrown at [t:/workspace/open/src/hotspot/share/interpreter/linkResolve
Event: 2.099 Thread 0x000001f3985de800 Exception <a 'java/lang/NoSuchMethodError'{0x00000000859e0680}: java.lang.invoke.DirectMethodHandle$Holder.invokeInterface(Ljava/lang/Object;Ljava/lang/Object;)J> (0x00000000859e0680) thrown at [t:/workspace/open/src/hotspot/share/interpreter/linkResolver
Event: 2.099 Thread 0x000001f3985de800 Exception <a 'java/lang/IncompatibleClassChangeError'{0x00000000859e31a0}: Found class java.lang.Object, but interface was expected> (0x00000000859e31a0) thrown at [t:/workspace/open/src/hotspot/share/interpreter/linkResolver.cpp, line 843]
Event: 2.130 Thread 0x000001f3985de800 Exception <a 'java/lang/NoSuchMethodError'{0x000000008a1ab598}: java.lang.invoke.DirectMethodHandle$Holder.invokeVirtual(Ljava/lang/Object;Ljava/lang/Object;Ljava/lang/Object;Ljava/lang/Object;)Ljava/lang/Object;> (0x000000008a1ab598) thrown at [t:/worksp
Event: 2.227 Thread 0x000001f3f7bc4800 Exception <a 'java/lang/NoSuchMethodError'{0x0000000089b527e8}: java.lang.invoke.DelegatingMethodHandle$Holder.delegate(Ljava/lang/Object;Ljava/lang/Object;ILjava/lang/Object;)V> (0x0000000089b527e8) thrown at [t:/workspace/open/src/hotspot/share/interpre

Events (10 events):
Event: 2.274 loading class org/springframework/boot/autoconfigure/condition/AbstractNestedCondition$MemberMatchOutcomes
Event: 2.274 loading class org/springframework/boot/autoconfigure/condition/AbstractNestedCondition$MemberMatchOutcomes done
Event: 2.274 loading class org/springframework/core/type/AnnotationMetadata
Event: 2.274 loading class org/springframework/core/type/AnnotationMetadata done
Event: 2.274 loading class org/springframework/boot/autoconfigure/condition/AbstractNestedCondition$MemberConditions
Event: 2.274 loading class org/springframework/boot/autoconfigure/condition/AbstractNestedCondition$MemberConditions done
Event: 2.275 loading class org/springframework/boot/autoconfigure/condition/AbstractNestedCondition$MemberOutcomes
Event: 2.275 loading class org/springframework/boot/autoconfigure/condition/AbstractNestedCondition$MemberOutcomes done
Event: 2.275 loading class org/springframework/web/reactive/HandlerResult
Event: 2.275 loading class org/springframework/web/reactive/HandlerResult done


Dynamic libraries:
0x00007ff76c460000 - 0x00007ff76c46f000 	C:\Program Files\Java\jdk-12\bin\java.exe
0x00007ffa998a0000 - 0x00007ffa99a90000 	C:\WINDOWS\SYSTEM32\ntdll.dll
0x00007ffa98aa0000 - 0x00007ffa98b52000 	C:\WINDOWS\System32\KERNEL32.DLL
0x00007ffa97420000 - 0x00007ffa976c5000 	C:\WINDOWS\System32\KERNELBASE.dll
0x00007ffa96820000 - 0x00007ffa9691a000 	C:\WINDOWS\System32\ucrtbase.dll
0x00007ffa79140000 - 0x00007ffa79156000 	C:\Program Files\Java\jdk-12\bin\VCRUNTIME140.dll
0x00007ffa89cd0000 - 0x00007ffa89ce8000 	C:\Program Files\Java\jdk-12\bin\jli.dll
0x00007ffa97ff0000 - 0x00007ffa98093000 	C:\WINDOWS\System32\ADVAPI32.dll
0x00007ffa97dd0000 - 0x00007ffa97e6e000 	C:\WINDOWS\System32\msvcrt.dll
0x00007ffa97f50000 - 0x00007ffa97fe7000 	C:\WINDOWS\System32\sechost.dll
0x00007ffa98b60000 - 0x00007ffa98c7f000 	C:\WINDOWS\System32\RPCRT4.dll
0x00007ffa97950000 - 0x00007ffa97ae4000 	C:\WINDOWS\System32\USER32.dll
0x00007ffa97340000 - 0x00007ffa97361000 	C:\WINDOWS\System32\win32u.dll
0x00007ffa982b0000 - 0x00007ffa982d6000 	C:\WINDOWS\System32\GDI32.dll
0x00007ffa97700000 - 0x00007ffa97898000 	C:\WINDOWS\System32\gdi32full.dll
0x00007ffa7d6b0000 - 0x00007ffa7d934000 	C:\WINDOWS\WinSxS\amd64_microsoft.windows.common-controls_6595b64144ccf1df_6.0.18362.1316_none_9e7a364fe461dbd7\COMCTL32.dll
0x00007ffa96920000 - 0x00007ffa969be000 	C:\WINDOWS\System32\msvcp_win.dll
0x00007ffa98e30000 - 0x00007ffa99167000 	C:\WINDOWS\System32\combase.dll
0x00007ffa97160000 - 0x00007ffa971e1000 	C:\WINDOWS\System32\bcryptPrimitives.dll
0x00007ffa8e130000 - 0x00007ffa8e13a000 	C:\WINDOWS\SYSTEM32\VERSION.dll
0x00007ffa97b90000 - 0x00007ffa97bbe000 	C:\WINDOWS\System32\IMM32.DLL
0x00007ffa6e520000 - 0x00007ffa6e5ca000 	C:\Program Files\Java\jdk-12\bin\msvcp140.dll
0x00007ffa51750000 - 0x00007ffa522c4000 	C:\Program Files\Java\jdk-12\bin\server\jvm.dll
0x00007ffa97f40000 - 0x00007ffa97f48000 	C:\WINDOWS\System32\PSAPI.DLL
0x00007ffa94120000 - 0x00007ffa94144000 	C:\WINDOWS\SYSTEM32\WINMM.dll
0x00007ffa7ee60000 - 0x00007ffa7ee69000 	C:\WINDOWS\SYSTEM32\WSOCK32.dll
0x00007ffa980a0000 - 0x00007ffa9810f000 	C:\WINDOWS\System32\WS2_32.dll
0x00007ffa940f0000 - 0x00007ffa9411d000 	C:\WINDOWS\SYSTEM32\winmmbase.dll
0x00007ffa97900000 - 0x00007ffa9794a000 	C:\WINDOWS\System32\cfgmgr32.dll
0x00007ffa967e0000 - 0x00007ffa967f1000 	C:\WINDOWS\System32\kernel.appcore.dll
0x00007ffa79120000 - 0x00007ffa79131000 	C:\Program Files\Java\jdk-12\bin\verify.dll
0x00007ffa95010000 - 0x00007ffa95204000 	C:\WINDOWS\SYSTEM32\DBGHELP.DLL
0x00007ffa7e190000 - 0x00007ffa7e1ba000 	C:\WINDOWS\SYSTEM32\dbgcore.DLL
0x00007ffa78cd0000 - 0x00007ffa78cf6000 	C:\Program Files\Java\jdk-12\bin\java.dll
0x00007ffa832a0000 - 0x00007ffa832ae000 	C:\Program Files\Java\jdk-12\bin\instrument.dll
0x00007ffa79100000 - 0x00007ffa79117000 	C:\Program Files\Java\jdk-12\bin\zip.dll
0x00007ffa8c510000 - 0x00007ffa8c51a000 	C:\Program Files\Java\jdk-12\bin\jimage.dll
0x00007ffa99170000 - 0x00007ffa99858000 	C:\WINDOWS\System32\SHELL32.dll
0x00007ffa989f0000 - 0x00007ffa98a97000 	C:\WINDOWS\System32\shcore.dll
0x00007ffa969c0000 - 0x00007ffa9713b000 	C:\WINDOWS\System32\windows.storage.dll
0x00007ffa967b0000 - 0x00007ffa967d3000 	C:\WINDOWS\System32\profapi.dll
0x00007ffa96760000 - 0x00007ffa967aa000 	C:\WINDOWS\System32\powrprof.dll
0x00007ffa96750000 - 0x00007ffa96760000 	C:\WINDOWS\System32\UMPDC.dll
0x00007ffa98520000 - 0x00007ffa98572000 	C:\WINDOWS\System32\shlwapi.dll
0x00007ffa97140000 - 0x00007ffa97157000 	C:\WINDOWS\System32\cryptsp.dll
0x00007ffa78890000 - 0x00007ffa788a9000 	C:\Program Files\Java\jdk-12\bin\net.dll
0x00007ffa827d0000 - 0x00007ffa829a6000 	C:\WINDOWS\SYSTEM32\urlmon.dll
0x00007ffa88e50000 - 0x00007ffa88f40000 	C:\WINDOWS\SYSTEM32\WINHTTP.dll
0x00007ffa834a0000 - 0x00007ffa83747000 	C:\WINDOWS\SYSTEM32\iertutil.dll
0x00007ffa96060000 - 0x00007ffa9606c000 	C:\WINDOWS\SYSTEM32\CRYPTBASE.DLL
0x00007ffa95ee0000 - 0x00007ffa95f47000 	C:\WINDOWS\system32\mswsock.dll
0x00007ffa78870000 - 0x00007ffa78883000 	C:\Program Files\Java\jdk-12\bin\nio.dll
0x00007ffa78610000 - 0x00007ffa7862a000 	C:\Program Files\JetBrains\IntelliJ IDEA Community Edition 2020.3.2\bin\breakgen64.dll
0x00007ffa83250000 - 0x00007ffa83259000 	C:\Program Files\Java\jdk-12\bin\management.dll
0x00007ffa82fd0000 - 0x00007ffa82fdc000 	C:\Program Files\Java\jdk-12\bin\management_ext.dll
0x00007ffa78c10000 - 0x00007ffa78c26000 	C:\WINDOWS\system32\napinsp.dll
0x00007ffa78770000 - 0x00007ffa7878a000 	C:\WINDOWS\system32\pnrpnsp.dll
0x00007ffa95c40000 - 0x00007ffa95d0b000 	C:\WINDOWS\SYSTEM32\DNSAPI.dll
0x00007ffa98510000 - 0x00007ffa98518000 	C:\WINDOWS\System32\NSI.dll
0x00007ffa95c00000 - 0x00007ffa95c3a000 	C:\WINDOWS\SYSTEM32\IPHLPAPI.DLL
0x00007ffa78670000 - 0x00007ffa7867e000 	C:\WINDOWS\System32\winrnr.dll
0x00007ffa8f860000 - 0x00007ffa8f87c000 	C:\WINDOWS\system32\NLAapi.dll
0x00007ffa78630000 - 0x00007ffa78645000 	C:\WINDOWS\system32\wshbth.dll
0x00007ffa89280000 - 0x00007ffa8928a000 	C:\Windows\System32\rasadhlp.dll
0x00007ffa8a0e0000 - 0x00007ffa8a157000 	C:\WINDOWS\System32\fwpuclnt.dll
0x00007ffa976d0000 - 0x00007ffa976f6000 	C:\WINDOWS\System32\bcrypt.dll

dbghelp: loaded successfully - version: 4.0.5 - missing functions: none
symbol engine: initialized successfully - sym options: 0x614 - pdb path: .;C:\Program Files\Java\jdk-12\bin;C:\WINDOWS\SYSTEM32;C:\WINDOWS\WinSxS\amd64_microsoft.windows.common-controls_6595b64144ccf1df_6.0.18362.1316_none_9e7a364fe461dbd7;C:\Program Files\Java\jdk-12\bin\server;C:\Program Files\JetBrains\IntelliJ IDEA Community Edition 2020.3.2\bin

VM Arguments:
jvm_args: -ea -Didea.test.cyclic.buffer.size=1048576 -javaagent:C:\Program Files\JetBrains\IntelliJ IDEA Community Edition 2020.3.2\lib\idea_rt.jar=24464:C:\Program Files\JetBrains\IntelliJ IDEA Community Edition 2020.3.2\bin -Dfile.encoding=UTF-8 
java_command: com.intellij.rt.junit.JUnitStarter -ideVersion5 -junit5 project.skat.kodetest.KodetestApplicationTests
java_class_path (initial): C:\Program Files\JetBrains\IntelliJ IDEA Community Edition 2020.3.2\lib\idea_rt.jar;C:\Users\wan\.m2\repository\org\junit\platform\junit-platform-launcher\1.7.0\junit-platform-launcher-1.7.0.jar;C:\Program Files\JetBrains\IntelliJ IDEA Community Edition 2020.3.2\plugins\junit\lib\junit5-rt.jar;C:\Program Files\JetBrains\IntelliJ IDEA Community Edition 2020.3.2\plugins\junit\lib\junit-rt.jar;C:\Users\wan\Desktop\kodetest\target\test-classes;C:\Users\wan\Desktop\kodetest\target\classes;C:\Users\wan\.m2\repository\org\springframework\boot\spring-boot-starter\2.4.2\spring-boot-starter-2.4.2.jar;C:\Users\wan\.m2\repository\org\springframework\boot\spring-boot\2.4.2\spring-boot-2.4.2.jar;C:\Users\wan\.m2\repository\org\springframework\spring-context\5.3.3\spring-context-5.3.3.jar;C:\Users\wan\.m2\repository\org\springframework\boot\spring-boot-autoconfigure\2.4.2\spring-boot-autoconfigure-2.4.2.jar;C:\Users\wan\.m2\repository\org\springframework\boot\spring-boot-starter-logging\2.4.2\spring-boot-starter-logging-2.4.2.jar;C:\Users\wan\.m2\repository\ch\qos\logback\logback-classic\1.2.3\logback-classic-1.2.3.jar;C:\Users\wan\.m2\repository\ch\qos\logback\logback-core\1.2.3\logback-core-1.2.3.jar;C:\Users\wan\.m2\repository\org\apache\logging\log4j\log4j-to-slf4j\2.13.3\log4j-to-slf4j-2.13.3.jar;C:\Users\wan\.m2\repository\org\apache\logging\log4j\log4j-api\2.13.3\log4j-api-2.13.3.jar;C:\Users\wan\.m2\repository\org\slf4j\jul-to-slf4j\1.7.30\jul-to-slf4j-1.7.30.jar;C:\Users\wan\.m2\repository\jakarta\annotation\jakarta.annotation-api\1.3.5\jakarta.annotation-api-1.3.5.jar;C:\Users\wan\.m2\repository\org\springframework\spring-core\5.3.3\spring-core-5.3.3.jar;C:\Users\wan\.m2\repository\org\springframework\spring-jcl\5.3.3\spring-jcl-5.3.3.jar;C:\Users\wan\.m2\repository\org\yaml\snakeyaml\1.27\snakeyaml-1.27.jar;C:\Users\wan\.m2\repository\org\springframework\boot\spring-boot-starter-test\2.4.2\spring-boot-starter-test-2.4.2.jar;C:\Users\wan\.m2\
Launcher Type: SUN_STANDARD

[Global flags]
     intx CICompilerCount                          = 4                                         {product} {ergonomic}
     uint ConcGCThreads                            = 2                                         {product} {ergonomic}
     uint G1ConcRefinementThreads                  = 8                                         {product} {ergonomic}
   size_t G1HeapRegionSize                         = 1048576                                   {product} {ergonomic}
    uintx GCDrainStackTargetSize                   = 64                                        {product} {ergonomic}
   size_t InitialHeapSize                          = 132120576                                 {product} {ergonomic}
   size_t MarkStackSize                            = 4194304                                   {product} {ergonomic}
   size_t MaxHeapSize                              = 2109734912                                {product} {ergonomic}
   size_t MaxNewSize                               = 1265631232                                {product} {ergonomic}
   size_t MinHeapDeltaBytes                        = 1048576                                   {product} {ergonomic}
    uintx NonNMethodCodeHeapSize                   = 5836300                                {pd product} {ergonomic}
    uintx NonProfiledCodeHeapSize                  = 122910970                              {pd product} {ergonomic}
    uintx ProfiledCodeHeapSize                     = 122910970                              {pd product} {ergonomic}
    uintx ReservedCodeCacheSize                    = 251658240                              {pd product} {ergonomic}
     bool SegmentedCodeCache                       = true                                      {product} {ergonomic}
     bool UseCompressedClassPointers               = true                                 {lp64_product} {ergonomic}
     bool UseCompressedOops                        = true                                 {lp64_product} {ergonomic}
     bool UseG1GC                                  = true                                      {product} {ergonomic}
     bool UseLargePagesIndividualAllocation        = false                                  {pd product} {ergonomic}

Logging:
Log output configuration:
 #0: stdout all=warning uptime,level,tags
 #1: stderr all=off uptime,level,tags

Environment Variables:
JAVA_HOME=C:\Program Files\Java\jdk1.8.0_201
CLASSPATH=.;
PATH=C:\WINDOWS\system32;C:\WINDOWS;C:\WINDOWS\System32\Wbem;C:\WINDOWS\System32\WindowsPowerShell\v1.0\;C:\WINDOWS\System32\OpenSSH\;C:\Program Files\Intel\WiFi\bin\;C:\Program Files\Common Files\Intel\WirelessCommon\;C:\ProgramData\chocolatey\bin;C:\Program Files\Java\jdk1.8.0_201\bin;C:\Program Files\Git\cmd;C:\Program Files (x86)\Google\Cloud SDK\google-cloud-sdk\bin;C:\Program Files\PuTTY\;C:\Program Files\nodejs\;C:\Program Files (x86)\sbt\bin;C:\Program Files\Java\jre7\bin;C:\Program Files (x86)\scala\bin;C:\Users\wan\AppData\Local\Programs\Python\Python38;C:\Users\wan\AppData\Local\Programs\Python\Python38\Scripts;C:\bin\mysql\current\bin;C:\Program Files\dotnet\;C:\Program Files (x86)\Windows Live\Shared;C:\Program Files (x86)\dotnet\;C:\Program Files\Docker\Docker\resources\bin;C:\ProgramData\DockerDesktop\version-bin;C:\Users\wan\AppData\Local\Microsoft\WindowsApps;C:\Program Files\JetBrains\IntelliJ IDEA 2018.3.5\bin;;C:\Program Files (x86)\Nmap;C:\Users\wan\AppData\Local\Programs\Microsoft VS Code\bin;C:\Users\wan\AppData\Roaming\npm;C:\bin\mysql\current\bin;;C:\Program Files\JetBrains\IntelliJ IDEA Community Edition 2020.3.2\bin;
USERNAME=wan
OS=Windows_NT
PROCESSOR_IDENTIFIER=Intel64 Family 6 Model 142 Stepping 11, GenuineIntel



---------------  S Y S T E M  ---------------

OS: Windows 10 , 64 bit Build 18362 (10.0.18362.1316)

CPU:total 8 (initial active 8) (4 cores per cpu, 2 threads per core) family 6 model 142 stepping 11, cmov, cx8, fxsr, mmx, sse, sse2, sse3, ssse3, sse4.1, sse4.2, popcnt, avx, avx2, aes, clmul, erms, 3dnowpref, lzcnt, ht, tsc, tscinvbit, bmi1, bmi2, adx, fma

Memory: 4k page, system-wide physical 8043M (844M free)
TotalPageFile size 32619M (AvailPageFile size 3M)
current process WorkingSet (physical memory assigned to process): 175M, peak: 175M
current process commit charge ("private bytes"): 256M, peak: 256M

vm_info: Java HotSpot(TM) 64-Bit Server VM (12+33) for windows-amd64 JRE (12+33), built on Feb 21 2019 02:31:50 by "mach5one" with MS VC++ 15.5 (VS2017)

END.
